22:46:57 **** Incremental Build of configuration Debug for project StopWatchSourceCode ****
make all 
Building file: ../main.c
Invoking: AVR Compiler
avr-gcc -Wall -g2 -gstabs -O0 -fpack-struct -fshort-enums -ffunction-sections -fdata-sections -std=gnu99 -funsigned-char -funsigned-bitfields -mmcu=atmega32 -DF_CPU=16000000UL -MMD -MP -MF"main.d" -MT"main.o" -c -o "main.o" "../main.c"
In file included from ../main.c:10:
c:/winavr-20100110/lib/gcc/../../avr/include/util/delay.h:90:3: warning: #warning "Compiler optimizations disabled; functions from <util/delay.h> won't work as designed"
Finished building: ../main.c
 
Building target: StopWatchSourceCode.elf
Invoking: AVR C Linker
avr-gcc -Wl,-Map,StopWatchSourceCode.map -mmcu=atmega32 -o "StopWatchSourceCode.elf"  ./main.o   
Finished building target: StopWatchSourceCode.elf
 
Invoking: AVR Create Extended Listing
avr-objdump -h -S StopWatchSourceCode.elf  >"StopWatchSourceCode.lss"
Finished building: StopWatchSourceCode.lss
 
Create Flash image (ihex format)
avr-objcopy -R .eeprom -R .fuse -R .lock -R .signature -O ihex StopWatchSourceCode.elf  "StopWatchSourceCode.hex"
Finished building: StopWatchSourceCode.hex
 
Invoking: Print Size
avr-size --format=avr --mcu=atmega32 StopWatchSourceCode.elf
AVR Memory Usage
----------------
Device: atmega32

Program:    5144 bytes (15.7% Full)
(.text + .data + .bootloader)

Data:         11 bytes (0.5% Full)
(.data + .bss + .noinit)


Finished building: sizedummy
 

22:46:58 Build Finished. 0 errors, 1 warnings. (took 662ms)

